\BOOKMARK [1][-]{section.1}{\376\377\000G\000i\036\333\000i\000\040\000t\000h\000i\036\307\000u\000\040\000v\000\340\000\040\000n\036\331\000i\000\040\000d\000u\000n\000g\000\040\000b\000\340\000i\000\040\000t\036\255\000p}{}% 1
\BOOKMARK [1][-]{section.2}{\376\377\000C\001\241\000\040\000s\036\337\000\040\000l\000\375\000\040\000t\000h\000u\000y\036\277\000t}{}% 2
\BOOKMARK [2][-]{subsection.2.1}{\376\377\000P\000h\001\260\001\241\000n\000g\000\040\000t\000r\000\354\000n\000h\000\040\000L\000a\000p\000l\000a\000c\000e\000\040\000c\000h\000o\000\040\000t\000h\036\277\000\040\000t\001\051\000n\000h\000\040\001\021\000i\036\307\000n}{section.2}% 3
\BOOKMARK [2][-]{subsection.2.2}{\376\377\000R\036\335\000i\000\040\000r\036\241\000c\000\040\000h\000\363\000a\000\040\000b\036\261\000n\000g\000\040\000p\000h\001\260\001\241\000n\000g\000\040\000p\000h\000\341\000p\000\040\000s\000a\000i\000\040\000p\000h\000\342\000n\000\040\000h\036\357\000u\000\040\000h\036\241\000n}{section.2}% 4
\BOOKMARK [2][-]{subsection.2.3}{\376\377\000C\000\364\000n\000g\000\040\000t\000h\036\351\000c\000\040\000l\036\267\000p\000\040\000G\000a\000u\000s\000s\040\023\000S\000e\000i\000d\000e\000l\000\040\000c\000h\000o\000\040\000p\000h\001\260\001\241\000n\000g\000\040\000t\000r\000\354\000n\000h\000\040\000L\000a\000p\000l\000a\000c\000e}{section.2}% 5
\BOOKMARK [2][-]{subsection.2.4}{\376\377\001\020\000i\036\301\000u\000\040\000k\000i\036\307\000n\000\040\000h\036\331\000i\000\040\000t\036\345}{section.2}% 6
\BOOKMARK [2][-]{subsection.2.5}{\376\377\001\020\000i\036\301\000u\000\040\000k\000i\036\307\000n\000\040\000b\000i\000\352\000n\000\040\000D\000i\000r\000i\000c\000h\000l\000e\000t\000\040\000v\000\340\000\040\000v\036\255\000t\000\040\000d\036\253\000n\000\040\000n\036\331\000i\000\040\000b\036\331}{section.2}% 7
\BOOKMARK [2][-]{subsection.2.6}{\376\377\000T\000i\000\352\000u\000\040\000c\000h\000u\036\251\000n\000\040\000d\036\353\000n\000g}{section.2}% 8
\BOOKMARK [1][-]{section.3}{\376\377\000P\000h\000\342\000n\000\040\000t\000\355\000c\000h\000\040\000c\000h\001\260\001\241\000n\000g\000\040\000t\000r\000\354\000n\000h}{}% 9
\BOOKMARK [2][-]{subsection.3.1}{\376\377\000H\000\340\000m\000\040\000t\000h\000i\036\277\000t\000\040\000l\036\255\000p\000\040\001\021\000i\036\301\000u\000\040\000k\000i\036\307\000n\000\040\000b\000i\000\352\000n\000\040\000\050\000B\000\340\000i\000\040\0001\000\051}{section.3}% 10
\BOOKMARK [2][-]{subsection.3.2}{\376\377\000H\000\340\000m\000\040\000l\001\260\000u\000\040\000f\000i\000l\000e\000\040\000k\036\277\000t\000\040\000q\000u\036\243}{section.3}% 11
\BOOKMARK [2][-]{subsection.3.3}{\376\377\000H\000\340\000m\000\040\000G\000a\000u\000s\000s\040\023\000S\000e\000i\000d\000e\000l\000\040\000c\000h\000o\000\040\000B\000\340\000i\000\040\0001}{section.3}% 12
\BOOKMARK [2][-]{subsection.3.4}{\376\377\000H\000\340\000m\000\040\000t\000h\000i\036\277\000t\000\040\000l\036\255\000p\000\040\001\021\000i\036\301\000u\000\040\000k\000i\036\307\000n\000\040\000b\000i\000\352\000n\000\040\000c\000h\000o\000\040\000B\000\340\000i\000\040\0002}{section.3}% 13
\BOOKMARK [2][-]{subsection.3.5}{\376\377\000H\000\340\000m\000\040\000G\000a\000u\000s\000s\040\023\000S\000e\000i\000d\000e\000l\000\040\000c\000h\000o\000\040\000B\000\340\000i\000\040\0002}{section.3}% 14
\BOOKMARK [1][-]{section.4}{\376\377\000K\036\277\000t\000\040\000q\000u\036\243\000\040\000v\000\340\000\040\000t\000h\036\243\000o\000\040\000l\000u\036\255\000n}{}% 15
\BOOKMARK [2][-]{subsection.4.1}{\376\377\000B\000\340\000i\000\040\0001\000:\000\040\000H\000\354\000n\000h\000\040\000v\000u\000\364\000n\000g\000\040\000v\036\333\000i\000\040\000c\036\241\000n\000h\000\040\000t\000r\000\352\000n\000\040\036\337\000\040\0001\0000\0000\000V}{section.4}% 16
\BOOKMARK [3][-]{subsubsection.4.1.1}{\376\377\000T\000h\000i\036\277\000t\000\040\000l\036\255\000p\000\040\000t\000h\000a\000m\000\040\000s\036\321}{subsection.4.1}% 17
\BOOKMARK [3][-]{subsubsection.4.1.2}{\376\377\000K\036\277\000t\000\040\000q\000u\036\243\000\040\000s\036\321}{subsection.4.1}% 18
\BOOKMARK [3][-]{subsubsection.4.1.3}{\376\377\000B\000i\036\307\000n\000\040\000l\000u\036\255\000n}{subsection.4.1}% 19
\BOOKMARK [2][-]{subsection.4.2}{\376\377\000B\000\340\000i\000\040\0002\000:\000\040\000H\000a\000i\000\040\000t\000h\000a\000n\000h\000\040\000t\000\355\000c\000h\000\040\001\021\000i\036\307\000n\000\040\000t\000r\000o\000n\000g\000\040\000h\036\331\000p\000\040\000n\036\321\000i\000\040\001\021\036\245\000t}{section.4}% 20
\BOOKMARK [3][-]{subsubsection.4.2.1}{\376\377\000T\000h\000i\036\277\000t\000\040\000l\036\255\000p\000\040\000t\000h\000a\000m\000\040\000s\036\321}{subsection.4.2}% 21
\BOOKMARK [3][-]{subsubsection.4.2.2}{\376\377\000K\036\277\000t\000\040\000q\000u\036\243\000\040\000s\036\321}{subsection.4.2}% 22
\BOOKMARK [3][-]{subsubsection.4.2.3}{\376\377\000B\000i\036\307\000n\000\040\000l\000u\036\255\000n}{subsection.4.2}% 23
\BOOKMARK [1][-]{section.5}{\376\377\000K\036\277\000t\000\040\000l\000u\036\255\000n}{}% 24
