\BOOKMARK [1][-]{section.1}{\376\377\000G\000i\036\333\000i\000\040\000t\000h\000i\036\307\000u\000\040\000v\000\340\000\040\000n\036\331\000i\000\040\000d\000u\000n\000g\000\040\000t\000\355\000n\000h\000\040\000t\000o\000\341\000n}{}% 1
\BOOKMARK [1][-]{section.2}{\376\377\000C\001\241\000\040\000s\036\337\000\040\000l\000\375\000\040\000t\000h\000u\000y\036\277\000t}{}% 2
\BOOKMARK [2][-]{subsection.2.1}{\376\377\000P\000h\001\260\001\241\000n\000g\000\040\000t\000r\000\354\000n\000h\000\040\000S\000c\000h\000r\000\366\000d\000i\000n\000g\000e\000r\000\040\000p\000h\036\345\000\040\000t\000h\000u\036\331\000c\000\040\000t\000h\036\335\000i\000\040\000g\000i\000a\000n}{section.2}% 3
\BOOKMARK [2][-]{subsection.2.2}{\376\377\000B\000\363\000\040\000s\000\363\000n\000g\000\040\000G\000a\000u\000s\000s\000\040\000b\000a\000n\000\040\001\021\036\247\000u}{section.2}% 4
\BOOKMARK [2][-]{subsection.2.3}{\376\377\000L\001\260\036\333\000i\000\040\000s\000a\000i\000\040\000p\000h\000\342\000n}{section.2}% 5
\BOOKMARK [2][-]{subsection.2.4}{\376\377\000L\000e\000a\000p\000f\000r\000o\000g\000\040\000v\036\333\000i\000\040\000s\000a\000i\000\040\000p\000h\000\342\000n\000\040\000k\000h\000\364\000n\000g\000\040\000g\000i\000a\000n\000\040\000b\036\255\000c\000\040\0002}{section.2}% 6
\BOOKMARK [2][-]{subsection.2.5}{\376\377\000L\000e\000a\000p\000f\000r\000o\000g\000\040\000v\036\333\000i\000\040\000s\000a\000i\000\040\000p\000h\000\342\000n\000\040\000k\000h\000\364\000n\000g\000\040\000g\000i\000a\000n\000\040\000b\036\255\000c\000\040\0004}{section.2}% 7
\BOOKMARK [2][-]{subsection.2.6}{\376\377\000S\000a\000i\000\040\000s\036\321\000\040\000t\000\341\000n\000\040\000s\036\257\000c\000\040\000k\000h\000\364\000n\000g\000\040\000g\000i\000a\000n}{section.2}% 8
\BOOKMARK [2][-]{subsection.2.7}{\376\377\001\020\000i\036\301\000u\000\040\000k\000i\036\307\000n\000\040\000C\000o\000u\000r\000a\000n\000t\000-\000F\000r\000i\000e\000d\000r\000i\000c\000h\000s\000-\000L\000e\000w\000y\000\040\000\050\000C\000F\000L\000\051}{section.2}% 9
\BOOKMARK [1][-]{section.3}{\376\377\000T\000h\000a\000m\000\040\000s\036\321\000\040\000v\000\340\000\040\000m\000\364\000\040\000h\000\354\000n\000h\000\040\000r\036\335\000i\000\040\000r\036\241\000c\000\040\000t\000r\000o\000n\000g\000\040\000c\000o\000d\000e}{}% 10
\BOOKMARK [2][-]{subsection.3.1}{\376\377\000T\000h\000a\000m\000\040\000s\036\321\000\040\000b\000\340\000i\000\040\000t\000o\000\341\000n}{section.3}% 11
\BOOKMARK [2][-]{subsection.3.2}{\376\377\000T\000h\036\277\000\040\000n\001\003\000n\000g\000\040\000v\000\340\000\040\001\021\000i\036\301\000u\000\040\000k\000i\036\307\000n\000\040\000b\000i\000\352\000n}{section.3}% 12
\BOOKMARK [1][-]{section.4}{\376\377\000P\000h\000\342\000n\000\040\000t\000\355\000c\000h\000\040\000c\000h\001\260\001\241\000n\000g\000\040\000t\000r\000\354\000n\000h\000\040\000P\000y\000t\000h\000o\000n}{}% 13
\BOOKMARK [2][-]{subsection.4.1}{\376\377\000G\036\315\000i\000\040\000t\000h\001\260\000\040\000v\000i\036\307\000n\000\040\000v\000\340\000\040\000k\000h\036\337\000i\000\040\000t\036\241\000o\000\040\000b\000\363\000\040\000s\000\363\000n\000g\000\040\000G\000a\000u\000s\000s}{section.4}% 14
\BOOKMARK [2][-]{subsection.4.2}{\376\377\000T\036\241\000o\000\040\000l\001\260\036\333\000i\000\040\000k\000h\000\364\000n\000g\000\040\000g\000i\000a\000n\000\040\000v\000\340\000\040\000t\000h\036\335\000i\000\040\000g\000i\000a\000n}{section.4}% 15
\BOOKMARK [2][-]{subsection.4.3}{\376\377\000K\000i\036\303\000m\000\040\000t\000r\000a\000\040\001\021\000i\036\301\000u\000\040\000k\000i\036\307\000n\000\040\000C\000F\000L}{section.4}% 16
\BOOKMARK [2][-]{subsection.4.4}{\376\377\000T\036\241\000o\000\040\000c\000\341\000c\000\040\000h\036\307\000\040\000s\036\321\000\040\000L\000e\000a\000p\000f\000r\000o\000g\000\040\000b\036\255\000c\000\040\0002}{section.4}% 17
\BOOKMARK [2][-]{subsection.4.5}{\376\377\000G\000i\036\243\000i\000\040\000T\000D\000S\000E\000\040\000b\036\261\000n\000g\000\040\000L\000e\000a\000p\000f\000r\000o\000g\000\040\000b\036\255\000c\000\040\0002}{section.4}% 18
\BOOKMARK [2][-]{subsection.4.6}{\376\377\000T\036\241\000o\000\040\000c\000\341\000c\000\040\000h\036\307\000\040\000s\036\321\000\040\000L\000e\000a\000p\000f\000r\000o\000g\000\040\000b\036\255\000c\000\040\0004}{section.4}% 19
\BOOKMARK [2][-]{subsection.4.7}{\376\377\000G\000i\036\243\000i\000\040\000T\000D\000S\000E\000\040\000b\036\261\000n\000g\000\040\000L\000e\000a\000p\000f\000r\000o\000g\000\040\000b\036\255\000c\000\040\0004}{section.4}% 20
\BOOKMARK [2][-]{subsection.4.8}{\376\377\000G\000h\000i\000\040\000h\000\340\000m\000\040\000s\000\363\000n\000g\000\040\000r\000a\000\040\000t\036\255\000p\000\040\000t\000i\000n\000\040\000v\001\003\000n\000\040\000b\036\243\000n}{section.4}% 21
\BOOKMARK [2][-]{subsection.4.9}{\376\377\000T\000\355\000n\000h\000\040\000v\000\340\000\040\000g\000h\000i\000\040\000c\000h\000u\036\251\000n\000\040\000x\000\341\000c\000\040\000s\000u\036\245\000t}{section.4}% 22
\BOOKMARK [2][-]{subsection.4.10}{\376\377\000G\000\341\000n\000\040\000t\000h\000a\000m\000\040\000s\036\321\000,\000\040\000c\000h\036\241\000y\000\040\000h\000\340\000m\000\040\000g\000i\036\243\000i\000\040\000v\000\340\000\040\000l\001\260\000u\000\040\000k\036\277\000t\000\040\000q\000u\036\243}{section.4}% 23
\BOOKMARK [2][-]{subsection.4.11}{\376\377\001\020\036\315\000c\000\040\000d\036\357\000\040\000l\000i\036\307\000u\000\040\001\021\036\303\000\040\000v\036\275\000\040\000h\000\354\000n\000h}{section.4}% 24
\BOOKMARK [2][-]{subsection.4.12}{\376\377\000V\036\275\000\040\000v\000\340\000\040\000l\001\260\000u\000\040\001\021\036\323\000\040\000t\000h\036\313\000\040\000b\036\243\000o\000\040\000t\000o\000\340\000n\000\040\000x\000\341\000c\000\040\000s\000u\036\245\000t}{section.4}% 25
\BOOKMARK [2][-]{subsection.4.13}{\376\377\000T\036\241\000o\000\040\000c\000\341\000c\000\040\000g\000i\000\341\000\040\000t\000r\036\313\000\040\0000\000\040\000v\000\340\000\040\000k\0000}{section.4}% 26
\BOOKMARK [1][-]{section.5}{\376\377\000K\036\277\000t\000\040\000q\000u\036\243\000\040\000v\000\340\000\040\000t\000h\036\243\000o\000\040\000l\000u\036\255\000n}{}% 27
\BOOKMARK [2][-]{subsection.5.1}{\376\377\000S\000o\000\040\000s\000\341\000n\000h\000\040\000L\000e\000a\000p\000f\000r\000o\000g\000\040\000b\036\255\000c\000\040\0002\000\040\000v\000\340\000\040\000b\036\255\000c\000\040\0004}{section.5}% 28
\BOOKMARK [2][-]{subsection.5.2}{\376\377\000B\036\243\000o\000\040\000t\000o\000\340\000n\000\040\000x\000\341\000c\000\040\000s\000u\036\245\000t}{section.5}% 29
\BOOKMARK [2][-]{subsection.5.3}{\376\377\000S\000\363\000n\000g\000\040\000t\000r\000u\000y\036\301\000n\000\040\000n\000g\001\260\036\343\000c\000\040\000k\000h\000i\000\040\000k\0000\000=\000-\0001\0000}{section.5}% 30
\BOOKMARK [2][-]{subsection.5.4}{\376\377\036\242\000n\000h\000\040\000h\001\260\036\337\000n\000g\000\040\000c\036\347\000a\000\040\001\021\036\331\000\040\000l\036\333\000n\000\040\000k\0000\000\040\001\021\036\277\000n\000\040\000v\036\255\000n\000\040\000t\036\321\000c\000\040\000v\000\340\000\040\000p\000h\036\243\000n\000\040\000x\036\241}{section.5}% 31
\BOOKMARK [2][-]{subsection.5.5}{\376\377\036\242\000n\000h\000\040\000h\001\260\036\337\000n\000g\000\040\000c\036\347\000a\000\040\001\021\036\331\000\040\000r\036\331\000n\000g\000\040\000b\000a\000n\000\040\001\021\036\247\000u\000\040\0000}{section.5}% 32
\BOOKMARK [1][-]{section.6}{\376\377\000K\036\277\000t\000\040\000l\000u\036\255\000n}{}% 33
