\BOOKMARK [1][-]{section.1}{\376\377\000G\000i\036\333\000i\000\040\000t\000h\000i\036\307\000u\000\040\000v\000\340\000\040\000n\036\331\000i\000\040\000d\000u\000n\000g\000\040\000b\000\340\000i\000\040\000t\036\255\000p}{}% 1
\BOOKMARK [1][-]{section.2}{\376\377\000C\001\241\000\040\000s\036\337\000\040\000l\000\375\000\040\000t\000h\000u\000y\036\277\000t}{}% 2
\BOOKMARK [2][-]{subsection.2.1}{\376\377\000H\036\307\000\040\000p\000h\001\260\001\241\000n\000g\000\040\000t\000r\000\354\000n\000h\000\040\000t\000u\000y\036\277\000n\000\040\000t\000\355\000n\000h\000\040\000v\000\340\000\040\000t\000\341\000c\000h\000\040\000m\000a\000\040\000t\000r\036\255\000n}{section.2}% 3
\BOOKMARK [2][-]{subsection.2.2}{\376\377\000P\000h\001\260\001\241\000n\000g\000\040\000p\000h\000\341\000p\000\040\000J\000a\000c\000o\000b\000i\000\040\000v\000\340\000\040\000m\000a\000\040\000t\000r\036\255\000n\000\040\000l\036\267\000p\000\040\000T\000J}{section.2}% 4
\BOOKMARK [2][-]{subsection.2.3}{\376\377\000P\000h\001\260\001\241\000n\000g\000\040\000p\000h\000\341\000p\000\040\000G\000a\000u\000s\000s\040\023\000S\000e\000i\000d\000e\000l\000\040\000v\000\340\000\040\000m\000a\000\040\000t\000r\036\255\000n\000\040\000l\036\267\000p\000\040\000T\000G\000S}{section.2}% 5
\BOOKMARK [2][-]{subsection.2.4}{\376\377\001\020\000i\036\301\000u\000\040\000k\000i\036\307\000n\000\040\000h\036\331\000i\000\040\000t\036\345\000:\000\040\000b\000\341\000n\000\040\000k\000\355\000n\000h\000\040\000p\000h\036\325\000\040\000\050\000T\000\051}{section.2}% 6
\BOOKMARK [2][-]{subsection.2.5}{\376\377\000C\000h\000\351\000o\000\040\000t\000r\036\331\000i\000\040\000n\000g\000h\000i\000\352\000m\000\040\000n\000g\036\267\000t\000:\000\040\001\021\000i\036\301\000u\000\040\000k\000i\036\307\000n\000\040\001\021\036\347\000,\000\040\000k\000h\000\364\000n\000g\000\040\000p\000h\036\243\000i\000\040\000c\036\247\000n}{section.2}% 7
\BOOKMARK [2][-]{subsection.2.6}{\376\377\000T\000i\000\352\000u\000\040\000c\000h\000u\036\251\000n\000\040\000d\036\353\000n\000g}{section.2}% 8
\BOOKMARK [1][-]{section.3}{\376\377\000P\000h\000\342\000n\000\040\000t\000\355\000c\000h\000\040\000c\000h\001\260\001\241\000n\000g\000\040\000t\000r\000\354\000n\000h}{}% 9
\BOOKMARK [2][-]{subsection.3.1}{\376\377\000C\000\341\000c\000\040\000h\000\340\000m\000\040\000t\000i\036\307\000n\000\040\000\355\000c\000h}{section.3}% 10
\BOOKMARK [3][-]{subsubsection.3.1.1}{\376\377\000T\000\355\000n\000h\000\040\000b\000\341\000n\000\040\000k\000\355\000n\000h\000\040\000p\000h\036\325}{subsection.3.1}% 11
\BOOKMARK [3][-]{subsubsection.3.1.2}{\376\377\000K\000i\036\303\000m\000\040\000t\000r\000a\000\040\000c\000h\000\351\000o\000\040\000t\000r\036\331\000i}{subsection.3.1}% 12
\BOOKMARK [3][-]{subsubsection.3.1.3}{\376\377\000T\000\341\000c\000h\000\040\000m\000a\000\040\000t\000r\036\255\000n\000\040\000D\000,\000\040\000L\000,\000\040\000U\000\040\000v\000\340\000\040\000t\000\355\000n\000h\000\040\000T\000G\000S\000,\000\040\000T\000J}{subsection.3.1}% 13
\BOOKMARK [2][-]{subsection.3.2}{\376\377\000H\000\340\000m\000\040\000G\000a\000u\000s\000s\040\023\000S\000e\000i\000d\000e\000l}{section.3}% 14
\BOOKMARK [2][-]{subsection.3.3}{\376\377\000H\000\340\000m\000\040\000J\000a\000c\000o\000b\000i}{section.3}% 15
\BOOKMARK [1][-]{section.4}{\376\377\000K\036\277\000t\000\040\000q\000u\036\243\000\040\000v\000\340\000\040\000t\000h\036\243\000o\000\040\000l\000u\036\255\000n}{}% 16
\BOOKMARK [2][-]{subsection.4.1}{\376\377\000T\000h\036\361\000c\000\040\000h\000\340\000n\000h\000\040\0001\000a\000:\000\040\000H\036\307\000\040\000k\000h\000\364\000n\000g\000\040\000c\000h\000\351\000o\000\040\000t\000r\036\331\000i\000\040\000n\000h\001\260\000n\000g\000\040\000v\036\253\000n\000\040\000h\036\331\000i\000\040\000t\036\345}{section.4}% 17
\BOOKMARK [3][-]{subsubsection.4.1.1}{\376\377\000C\000\342\000u\000\040\000a\000.\000\040\000K\000i\036\303\000m\000\040\000t\000r\000a\000\040\000c\000h\000\351\000o\000\040\000t\000r\036\331\000i\000\040\000n\000g\000h\000i\000\352\000m\000\040\000n\000g\036\267\000t}{subsection.4.1}% 18
\BOOKMARK [3][-]{subsubsection.4.1.2}{\376\377\000C\000\342\000u\000\040\000b\000.\000\040\000M\000a\000\040\000t\000r\036\255\000n\000\040\000T\000G\000S\000\040\000v\000\340\000\040\000b\000\341\000n\000\040\000k\000\355\000n\000h\000\040\000p\000h\036\325}{subsection.4.1}% 19
\BOOKMARK [3][-]{subsubsection.4.1.3}{\376\377\000C\000\342\000u\000\040\000c\000.\000\040\000G\000i\036\243\000i\000\040\000b\036\261\000n\000g\000\040\000G\000a\000u\000s\000s\040\023\000S\000e\000i\000d\000e\000l\000,\000\040\000=\000\040\0001\0000\000-\0002}{subsection.4.1}% 20
\BOOKMARK [2][-]{subsection.4.2}{\376\377\000T\000h\036\361\000c\000\040\000h\000\340\000n\000h\000\040\0001\000b\000:\000\040\000P\000h\036\243\000n\000\040\000v\000\355\000\040\000d\036\345\000\040\000J\000a\000c\000o\000b\000i\040\023\000t\036\321\000t\000-\000h\001\241\000n\040\023\000G\000a\000u\000s\000s\040\023\000S\000e\000i\000d\000e\000l}{section.4}% 21
\BOOKMARK [3][-]{subsubsection.4.2.1}{\376\377\000C\000\342\000u\000\040\000a\000.\000\040\000M\000a\000\040\000t\000r\036\255\000n\000\040\000T\000J\000\040\000v\000\340\000\040\000b\000\341\000n\000\040\000k\000\355\000n\000h\000\040\000p\000h\036\325}{subsection.4.2}% 22
\BOOKMARK [3][-]{subsubsection.4.2.2}{\376\377\000C\000\342\000u\000\040\000b\000.\000\040\000G\000i\036\243\000i\000\040\000b\036\261\000n\000g\000\040\000J\000a\000c\000o\000b\000i\000,\000\040\000x\0000\000\040\000=\000\040\0000\000,\000\040\000=\000\040\0001\0000\000-\0005}{subsection.4.2}% 23
\BOOKMARK [3][-]{subsubsection.4.2.3}{\376\377\000C\000\342\000u\000\040\000c\000.\000\040\000C\000h\036\351\000n\000g\000\040\000m\000i\000n\000h\000\040\000\050\000T\000G\000S\000\051\000\040\000=\000\040\0002\000\040\000v\000\340\000\040\000k\000i\036\303\000m\000\040\000c\000h\036\351\000n\000g\000\040\000p\000h\000\342\000n\000\040\000k\036\363}{subsection.4.2}% 24
\BOOKMARK [3][-]{subsubsection.4.2.4}{\376\377\000N\000h\036\255\000n\000\040\000x\000\351\000t\000\040\000t\036\325\000n\000g\000\040\000q\000u\000\341\000t\000\040\000v\036\301\000\040\000h\000a\000i\000\040\000h\000\340\000n\000h\000\040\000v\000i\000\040\000t\000r\000\341\000i\000\040\000n\000g\001\260\036\343\000c}{subsection.4.2}% 25
\BOOKMARK [1][-]{section.5}{\376\377\000K\036\277\000t\000\040\000l\000u\036\255\000n}{}% 26
