\BOOKMARK [1][-]{section.1}{\376\377\000G\000i\036\333\000i\000\040\000t\000h\000i\036\307\000u\000\040\000v\000\340\000\040\000n\036\331\000i\000\040\000d\000u\000n\000g\000\040\000b\000\340\000i\000\040\000t\036\255\000p}{}% 1
\BOOKMARK [1][-]{section.2}{\376\377\000C\001\241\000\040\000s\036\337\000\040\000l\000\375\000\040\000t\000h\000u\000y\036\277\000t}{}% 2
\BOOKMARK [2][-]{subsection.2.1}{\376\377\000P\000h\001\260\001\241\000n\000g\000\040\000t\000r\000\354\000n\000h\000\040\000t\000r\000u\000y\036\301\000n\000\040\000n\000h\000i\036\307\000t}{section.2}% 3
\BOOKMARK [2][-]{subsection.2.2}{\376\377\000R\036\335\000i\000\040\000r\036\241\000c\000\040\000h\000o\000\341\000\040\000l\001\260\036\333\000i\000\040\000k\000h\000\364\000n\000g\040\023\000t\000h\036\335\000i\000\040\000g\000i\000a\000n}{section.2}% 4
\BOOKMARK [2][-]{subsection.2.3}{\376\377\000P\000h\001\260\001\241\000n\000g\000\040\000p\000h\000\341\000p\000\040\000h\000i\036\307\000n\000\040\000F\000T\000C\000S\000\040\000\050\000F\000o\000r\000w\000a\000r\000d\000-\000T\000i\000m\000e\000\040\000C\000e\000n\000t\000r\000a\000l\000-\000S\000p\000a\000c\000e\000\051}{section.2}% 5
\BOOKMARK [2][-]{subsection.2.4}{\376\377\000P\000h\001\260\001\241\000n\000g\000\040\000p\000h\000\341\000p\000\040\036\251\000n\000\040\000B\000T\000C\000S\000\040\000\050\000B\000a\000c\000k\000w\000a\000r\000d\000-\000T\000i\000m\000e\000\040\000C\000e\000n\000t\000r\000a\000l\000-\000S\000p\000a\000c\000e\000\051}{section.2}% 6
\BOOKMARK [2][-]{subsection.2.5}{\376\377\000P\000h\000\342\000n\000\040\000t\000\355\000c\000h\000\040\036\325\000n\000\040\001\021\036\313\000n\000h\000\040\000v\000o\000n\000\040\000N\000e\000u\000m\000a\000n\000n}{section.2}% 7
\BOOKMARK [3][-]{subsubsection.2.5.1}{\376\377\000F\000T\000C\000S\000:\000\040\001\021\000i\036\301\000u\000\040\000k\000i\036\307\000n\000\040\000C\000F\000L}{subsection.2.5}% 8
\BOOKMARK [3][-]{subsubsection.2.5.2}{\376\377\000B\000T\000C\000S\000:\000\040\000u\000n\000c\000o\000n\000d\000i\000t\000i\000o\000n\000a\000l\000l\000y\000\040\000s\000t\000a\000b\000l\000e}{subsection.2.5}% 9
\BOOKMARK [2][-]{subsection.2.6}{\376\377\000L\036\361\000a\000\040\000c\000h\036\315\000n\000\040\000g\000i\036\357\000a\000\040\000F\000T\000C\000S\000\040\000v\000\340\000\040\000B\000T\000C\000S}{section.2}% 10
\BOOKMARK [2][-]{subsection.2.7}{\376\377\001\020\000i\036\301\000u\000\040\000k\000i\036\307\000n\000\040\000b\000i\000\352\000n\000\040\000D\000i\000r\000i\000c\000h\000l\000e\000t\000\040\000v\000\340\000\040\001\021\000i\036\301\000u\000\040\000k\000i\036\307\000n\000\040\001\021\036\247\000u}{section.2}% 11
\BOOKMARK [1][-]{section.3}{\376\377\000P\000h\000\342\000n\000\040\000t\000\355\000c\000h\000\040\000c\000h\001\260\001\241\000n\000g\000\040\000t\000r\000\354\000n\000h}{}% 12
\BOOKMARK [2][-]{subsection.3.1}{\376\377\000P\000h\001\260\001\241\000n\000g\000\040\000p\000h\000\341\000p\000\040\000h\000i\036\307\000n\000\040\000F\000T\000C\000S}{section.3}% 13
\BOOKMARK [3][-]{subsubsection.3.1.1}{\376\377\000H\000\340\000m\000\040\000t\000h\000i\036\277\000t\000\040\000l\036\255\000p\000\040\001\021\000i\036\301\000u\000\040\000k\000i\036\307\000n\000\040\001\021\036\247\000u\000\040\000v\000\340\000\040\000b\000i\000\352\000n\000\040\000\050\000B\000\340\000i\000\040\0001\000\051}{subsection.3.1}% 14
\BOOKMARK [3][-]{subsubsection.3.1.2}{\376\377\000H\000\340\000m\000\040\000k\000i\036\303\000m\000\040\000t\000r\000a\000\040\036\325\000n\000\040\001\021\036\313\000n\000h}{subsection.3.1}% 15
\BOOKMARK [3][-]{subsubsection.3.1.3}{\376\377\000H\000\340\000m\000\040\000t\000\355\000n\000h\000\040\000F\000T\000C\000S}{subsection.3.1}% 16
\BOOKMARK [2][-]{subsection.3.2}{\376\377\000P\000h\001\260\001\241\000n\000g\000\040\000p\000h\000\341\000p\000\040\036\251\000n\000\040\000B\000T\000C\000S}{section.3}% 17
\BOOKMARK [3][-]{subsubsection.3.2.1}{\376\377\000T\000\355\000n\000h\000\040\000h\036\307\000\040\000s\036\321\000\040\0001\000,\000\040\0002}{subsection.3.2}% 18
\BOOKMARK [3][-]{subsubsection.3.2.2}{\376\377\000H\000\340\000m\000\040\000t\000\355\000n\000h\000\040\000B\000T\000C\000S\000\040\000b\036\261\000n\000g\000\040\000G\000a\000u\000s\000s\040\023\000S\000e\000i\000d\000e\000l}{subsection.3.2}% 19
\BOOKMARK [3][-]{subsubsection.3.2.3}{\376\377\000P\000h\000i\000\352\000n\000\040\000b\036\243\000n\000\040\000c\036\243\000i\000\040\000t\000i\036\277\000n\000\040\000c\000h\000o\000\040\000B\000\340\000i\000\040\0002}{subsection.3.2}% 20
\BOOKMARK [1][-]{section.4}{\376\377\000K\036\277\000t\000\040\000q\000u\036\243\000\040\000v\000\340\000\040\000t\000h\036\243\000o\000\040\000l\000u\036\255\000n}{}% 21
\BOOKMARK [2][-]{subsection.4.1}{\376\377\000B\000\340\000i\000\040\0001\000:\000\040\000T\000h\000a\000n\000h\000\040\001\021\001\241\000n\000\040\000n\000u\000n\000g\000\040\000n\000\363\000n\000g}{section.4}% 22
\BOOKMARK [3][-]{subsubsection.4.1.1}{\376\377\000T\000h\000a\000m\000\040\000s\036\321\000\040\000h\000a\000i\000\040\000p\000h\001\260\001\241\000n\000g\000\040\000p\000h\000\341\000p}{subsection.4.1}% 23
\BOOKMARK [3][-]{subsubsection.4.1.2}{\376\377\000S\036\321\000\040\000v\000\362\000n\000g\000\040\000l\036\267\000p\000\040\000G\000a\000u\000s\000s\040\023\000S\000e\000i\000d\000e\000l\000\040\000\050\000B\000T\000C\000S\000\051}{subsection.4.1}% 24
\BOOKMARK [3][-]{subsubsection.4.1.3}{\376\377\000P\000h\000\342\000n\000\040\000b\036\321\000\040\000n\000h\000i\036\307\000t\000\040\001\021\036\331\000\040\000k\000h\000\364\000n\000g\040\023\000t\000h\036\335\000i\000\040\000g\000i\000a\000n}{subsection.4.1}% 25
\BOOKMARK [3][-]{subsubsection.4.1.4}{\376\377\000B\000i\036\307\000n\000\040\000l\000u\036\255\000n\000\040\000v\036\255\000t\000\040\000l\000\375}{subsection.4.1}% 26
\BOOKMARK [2][-]{subsection.4.2}{\376\377\000B\000\340\000i\000\040\0002\000:\000\040\000H\000a\000i\000\040\000t\000h\000a\000n\000h\000\040\000t\000i\036\277\000p\000\040\000x\000\372\000c}{section.4}% 27
\BOOKMARK [3][-]{subsubsection.4.2.1}{\376\377\000T\000h\000a\000m\000\040\000s\036\321\000\040\000h\000a\000i\000\040\000p\000h\001\260\001\241\000n\000g\000\040\000p\000h\000\341\000p}{subsection.4.2}% 28
\BOOKMARK [3][-]{subsubsection.4.2.2}{\376\377\000S\036\321\000\040\000v\000\362\000n\000g\000\040\000l\036\267\000p\000\040\000G\000a\000u\000s\000s\040\023\000S\000e\000i\000d\000e\000l\000\040\000\050\000B\000T\000C\000S\000\051}{subsection.4.2}% 29
\BOOKMARK [3][-]{subsubsection.4.2.3}{\376\377\000P\000h\000\342\000n\000\040\000b\036\321\000\040\000n\000h\000i\036\307\000t\000\040\001\021\036\331\000\040\000k\000h\000\364\000n\000g\040\023\000t\000h\036\335\000i\000\040\000g\000i\000a\000n}{subsection.4.2}% 30
\BOOKMARK [3][-]{subsubsection.4.2.4}{\376\377\000B\000i\036\307\000n\000\040\000l\000u\036\255\000n\000\040\000v\036\255\000t\000\040\000l\000\375}{subsection.4.2}% 31
\BOOKMARK [1][-]{section.5}{\376\377\000K\036\277\000t\000\040\000l\000u\036\255\000n}{}% 32
